IQ-TREE multicore version 2.0.7 for Linux 64-bit built Apr  1 2024
Developed by Bui Quang Minh, Nguyen Lam Tung, Olga Chernomor,
Heiko Schmidt, Dominik Schrempf, Michael Woodhams.

Host:    BrunaDell (AVX512, FMA3, 3 GB RAM)
Command: iqtree2 -s alinhamento/Hpylori.aln -m MFP -B 1000 -T AUTO -pre arvore_Hpylori
Seed:    286545 (Using SPRNG - Scalable Parallel Random Number Generator)
Time:    Tue Mar  3 08:04:42 2026
Kernel:  AVX+FMA - auto-detect threads (4 CPU cores detected)

Reading alignment file alinhamento/Hpylori.aln ... Fasta format detected
Alignment most likely contains DNA/RNA sequences
Alignment has 13 sequences with 975 columns, 57 distinct patterns
16 parsimony-informative, 3 singleton sites, 956 constant sites
                         Gap/Ambiguity  Composition  p-value
   1  MN845181.1                46.36%    passed    100.00%
   2  MN845182.1                47.28%    passed     99.98%
   3  MN845183.1                50.87%    passed     97.19%
   4  MN845184.1                48.21%    passed    100.00%
   5  MN845185.1                50.87%    passed     96.88%
   6  MN845186.1                52.92%    passed     95.82%
   7  MN845187.1                46.26%    passed     99.99%
   8  MN845188.1                51.69%    passed     97.11%
   9  MN845189.1                46.15%    passed    100.00%
  10  MN845190.1                47.90%    passed     99.97%
  11  MN845953.1                 0.62%    passed     95.42%
  12  MN845954.1                 7.28%    passed     96.74%
  13  Novo_isolado_Paciente_X   46.36%    passed    100.00%
WARNING: 4 sequences contain more than 50% gaps/ambiguity
****  TOTAL                     41.75%  0 sequences failed composition chi2 test (p-value<5%; df=3)
NOTE: Novo_isolado_Paciente_X is identical to MN845181.1 but kept for subsequent analysis


Create initial parsimony tree by phylogenetic likelihood library (PLL)... 0.002 seconds
Measuring multi-threading efficiency up to 4 CPU cores
Increase to 10 rounds for branch lengths
5248 trees examined
Threads: 1 / Time: 4.000 sec / Speedup: 1.000 / Efficiency: 100% / LogL: -1553
Threads: 2 / Time: 3.697 sec / Speedup: 1.082 / Efficiency: 54% / LogL: -1553
Threads: 3 / Time: 4.599 sec / Speedup: 0.870 / Efficiency: 29% / LogL: -1553
BEST NUMBER OF THREADS: 2

Perform fast likelihood tree search using GTR+I+G model...
Estimate model parameters (epsilon = 5.000)
Perform nearest neighbor interchange...
Estimate model parameters (epsilon = 1.000)
1. Initial log-likelihood: -1459.278
Optimal log-likelihood: -1459.278
Rate parameters:  A-C: 0.81621  A-G: 1.08541  A-T: 0.74886  C-G: 1.99208  C-T: 2.21469  G-T: 1.00000
Base frequencies:  A: 0.282  C: 0.196  G: 0.302  T: 0.220
Proportion of invariable sites: 0.490
Gamma shape alpha: 0.212
Parameters optimization took 1 rounds (0.002 sec)
Time for fast ML tree search: 0.011 seconds

NOTE: ModelFinder requires 0 MB RAM!
ModelFinder will test up to 286 DNA models (sample size: 975) ...
 No. Model         -LnL         df  AIC          AICc         BIC
WARNING: Number of threads seems too high for short alignments. Use -T AUTO to determine best number of threads.
  1  GTR+F         1460.367     31  2982.733     2984.837     3134.089
WARNING: Number of threads seems too high for short alignments. Use -T AUTO to determine best number of threads.
  2  GTR+F+I       1459.284     32  2982.569     2984.811     3138.807
WARNING: Number of threads seems too high for short alignments. Use -T AUTO to determine best number of threads.
  3  GTR+F+G4      1459.384     32  2982.768     2985.010     3139.006
WARNING: Number of threads seems too high for short alignments. Use -T AUTO to determine best number of threads.
  4  GTR+F+I+G4    1459.279     33  2984.557     2986.942     3145.678
WARNING: Number of threads seems too high for short alignments. Use -T AUTO to determine best number of threads.
  5  GTR+F+R2      1460.035     33  2986.069     2988.454     3147.189
WARNING: Number of threads seems too high for short alignments. Use -T AUTO to determine best number of threads.
  6  GTR+F+R3      1459.906     35  2989.811     2992.495     3160.696
WARNING: Number of threads seems too high for short alignments. Use -T AUTO to determine best number of threads.
 14  SYM           1472.721     28  3001.442     3003.159     3138.150
WARNING: Number of threads seems too high for short alignments. Use -T AUTO to determine best number of threads.
 15  SYM+I         1471.563     29  3001.127     3002.968     3142.717
WARNING: Number of threads seems too high for short alignments. Use -T AUTO to determine best number of threads.
 16  SYM+G4        1471.702     29  3001.404     3003.246     3142.995
WARNING: Number of threads seems too high for short alignments. Use -T AUTO to determine best number of threads.
 27  TVM+F         1460.833     30  2981.666     2983.636     3128.139
WARNING: Number of threads seems too high for short alignments. Use -T AUTO to determine best number of threads.
 28  TVM+F+I       1459.677     31  2981.354     2983.458     3132.709
WARNING: Number of threads seems too high for short alignments. Use -T AUTO to determine best number of threads.
 29  TVM+F+G4      1459.812     31  2981.624     2983.728     3132.979
WARNING: Number of threads seems too high for short alignments. Use -T AUTO to determine best number of threads.
 40  TVMe          1472.845     27  2999.689     3001.286     3131.515
WARNING: Number of threads seems too high for short alignments. Use -T AUTO to determine best number of threads.
 41  TVMe+I        1471.643     28  2999.286     3001.003     3135.994
WARNING: Number of threads seems too high for short alignments. Use -T AUTO to determine best number of threads.
 42  TVMe+G4       1471.802     28  2999.605     3001.321     3136.313
WARNING: Number of threads seems too high for short alignments. Use -T AUTO to determine best number of threads.
 53  TIM3+F        1460.986     29  2979.972     2981.813     3121.563
WARNING: Number of threads seems too high for short alignments. Use -T AUTO to determine best number of threads.
 54  TIM3+F+I      1459.823     30  2979.646     2981.616     3126.119
WARNING: Number of threads seems too high for short alignments. Use -T AUTO to determine best number of threads.
 55  TIM3+F+G4     1459.963     30  2979.925     2981.895     3126.398
WARNING: Number of threads seems too high for short alignments. Use -T AUTO to determine best number of threads.
 66  TIM3e         1473.381     26  2998.762     3000.243     3125.705
WARNING: Number of threads seems too high for short alignments. Use -T AUTO to determine best number of threads.
 67  TIM3e+I       1472.129     27  2998.257     2999.854     3130.083
WARNING: Number of threads seems too high for short alignments. Use -T AUTO to determine best number of threads.
 68  TIM3e+G4      1472.321     27  2998.641     3000.238     3130.467
WARNING: Number of threads seems too high for short alignments. Use -T AUTO to determine best number of threads.
 79  TIM2+F        1460.754     29  2979.507     2981.348     3121.098
WARNING: Number of threads seems too high for short alignments. Use -T AUTO to determine best number of threads.
 80  TIM2+F+I      1459.653     30  2979.306     2981.276     3125.779
WARNING: Number of threads seems too high for short alignments. Use -T AUTO to determine best number of threads.
 81  TIM2+F+G4     1459.764     30  2979.527     2981.497     3126.000
WARNING: Number of threads seems too high for short alignments. Use -T AUTO to determine best number of threads.
 92  TIM2e         1473.017     26  2998.034     2999.515     3124.978
WARNING: Number of threads seems too high for short alignments. Use -T AUTO to determine best number of threads.
 93  TIM2e+I       1471.858     27  2997.717     2999.313     3129.543
WARNING: Number of threads seems too high for short alignments. Use -T AUTO to determine best number of threads.
 94  TIM2e+G4      1471.999     27  2997.998     2999.594     3129.824
WARNING: Number of threads seems too high for short alignments. Use -T AUTO to determine best number of threads.
105  TIM+F         1461.115     29  2980.230     2982.071     3121.820
WARNING: Number of threads seems too high for short alignments. Use -T AUTO to determine best number of threads.
106  TIM+F+I       1459.916     30  2979.831     2981.802     3126.304
WARNING: Number of threads seems too high for short alignments. Use -T AUTO to determine best number of threads.
107  TIM+F+G4      1460.075     30  2980.151     2982.121     3126.624
WARNING: Number of threads seems too high for short alignments. Use -T AUTO to determine best number of threads.
118  TIMe          1473.430     26  2998.861     3000.342     3125.804
WARNING: Number of threads seems too high for short alignments. Use -T AUTO to determine best number of threads.
119  TIMe+I        1472.145     27  2998.291     2999.887     3130.117
WARNING: Number of threads seems too high for short alignments. Use -T AUTO to determine best number of threads.
120  TIMe+G4       1472.356     27  2998.712     3000.309     3130.538
WARNING: Number of threads seems too high for short alignments. Use -T AUTO to determine best number of threads.
131  TPM3u+F       1461.446     28  2978.892     2980.609     3115.601
WARNING: Number of threads seems too high for short alignments. Use -T AUTO to determine best number of threads.
132  TPM3u+F+I     1460.196     29  2978.391     2980.233     3119.982
WARNING: Number of threads seems too high for short alignments. Use -T AUTO to determine best number of threads.
133  TPM3u+F+G4    1460.385     29  2978.770     2980.611     3120.360
WARNING: Number of threads seems too high for short alignments. Use -T AUTO to determine best number of threads.
144  TPM3+F        1461.446     28  2978.892     2980.609     3115.601
WARNING: Number of threads seems too high for short alignments. Use -T AUTO to determine best number of threads.
145  TPM3+F+I      1460.197     29  2978.394     2980.235     3119.984
WARNING: Number of threads seems too high for short alignments. Use -T AUTO to determine best number of threads.
146  TPM3+F+G4     1460.385     29  2978.770     2980.611     3120.361
WARNING: Number of threads seems too high for short alignments. Use -T AUTO to determine best number of threads.
157  TPM2u+F       1461.213     28  2978.427     2980.144     3115.135
WARNING: Number of threads seems too high for short alignments. Use -T AUTO to determine best number of threads.
158  TPM2u+F+I     1460.034     29  2978.068     2979.909     3119.658
WARNING: Number of threads seems too high for short alignments. Use -T AUTO to determine best number of threads.
159  TPM2u+F+G4    1460.184     29  2978.368     2980.209     3119.959
WARNING: Number of threads seems too high for short alignments. Use -T AUTO to determine best number of threads.
170  TPM2+F        1461.213     28  2978.426     2980.143     3115.134
WARNING: Number of threads seems too high for short alignments. Use -T AUTO to determine best number of threads.
171  TPM2+F+I      1460.034     29  2978.067     2979.909     3119.658
WARNING: Number of threads seems too high for short alignments. Use -T AUTO to determine best number of threads.
172  TPM2+F+G4     1460.184     29  2978.368     2980.209     3119.959
WARNING: Number of threads seems too high for short alignments. Use -T AUTO to determine best number of threads.
183  K3Pu+F        1461.575     28  2979.150     2980.866     3115.858
WARNING: Number of threads seems too high for short alignments. Use -T AUTO to determine best number of threads.
184  K3Pu+F+I      1460.268     29  2978.536     2980.377     3120.126
WARNING: Number of threads seems too high for short alignments. Use -T AUTO to determine best number of threads.
185  K3Pu+F+G4     1460.490     29  2978.980     2980.821     3120.571
WARNING: Number of threads seems too high for short alignments. Use -T AUTO to determine best number of threads.
196  K3P           1473.551     25  2997.103     2998.473     3119.164
WARNING: Number of threads seems too high for short alignments. Use -T AUTO to determine best number of threads.
197  K3P+I         1472.210     26  2996.420     2997.901     3123.363
WARNING: Number of threads seems too high for short alignments. Use -T AUTO to determine best number of threads.
198  K3P+G4        1472.454     26  2996.909     2998.390     3123.852
WARNING: Number of threads seems too high for short alignments. Use -T AUTO to determine best number of threads.
209  TN+F          1461.287     28  2978.575     2980.292     3115.283
WARNING: Number of threads seems too high for short alignments. Use -T AUTO to determine best number of threads.
210  TN+F+I        1460.091     29  2978.182     2980.024     3119.773
WARNING: Number of threads seems too high for short alignments. Use -T AUTO to determine best number of threads.
211  TN+F+G4       1460.250     29  2978.499     2980.340     3120.090
WARNING: Number of threads seems too high for short alignments. Use -T AUTO to determine best number of threads.
222  TNe           1473.602     25  2997.203     2998.573     3119.264
WARNING: Number of threads seems too high for short alignments. Use -T AUTO to determine best number of threads.
223  TNe+I         1472.322     26  2996.645     2998.126     3123.588
WARNING: Number of threads seems too high for short alignments. Use -T AUTO to determine best number of threads.
224  TNe+G4        1472.529     26  2997.059     2998.540     3124.002
WARNING: Number of threads seems too high for short alignments. Use -T AUTO to determine best number of threads.
235  HKY+F         1461.746     27  2977.493     2979.090     3109.319
WARNING: Number of threads seems too high for short alignments. Use -T AUTO to determine best number of threads.
236  HKY+F+I       1460.450     28  2976.900     2978.617     3113.608
WARNING: Number of threads seems too high for short alignments. Use -T AUTO to determine best number of threads.
237  HKY+F+G4      1460.667     28  2977.334     2979.050     3114.042
WARNING: Number of threads seems too high for short alignments. Use -T AUTO to determine best number of threads.
248  K2P           1473.720     24  2995.441     2996.704     3112.619
WARNING: Number of threads seems too high for short alignments. Use -T AUTO to determine best number of threads.
249  K2P+I         1472.387     25  2994.774     2996.144     3116.835
WARNING: Number of threads seems too high for short alignments. Use -T AUTO to determine best number of threads.
250  K2P+G4        1472.626     25  2995.252     2996.622     3117.313
WARNING: Number of threads seems too high for short alignments. Use -T AUTO to determine best number of threads.
261  F81+F         1461.874     26  2975.748     2977.229     3102.692
WARNING: Number of threads seems too high for short alignments. Use -T AUTO to determine best number of threads.
262  F81+F+I       1460.600     27  2975.200     2976.797     3107.026
WARNING: Number of threads seems too high for short alignments. Use -T AUTO to determine best number of threads.
263  F81+F+G4      1460.804     27  2975.607     2977.204     3107.433
WARNING: Number of threads seems too high for short alignments. Use -T AUTO to determine best number of threads.
274  JC            1473.915     23  2993.831     2994.991     3106.127
WARNING: Number of threads seems too high for short alignments. Use -T AUTO to determine best number of threads.
275  JC+I          1472.587     24  2993.175     2994.438     3110.353
WARNING: Number of threads seems too high for short alignments. Use -T AUTO to determine best number of threads.
276  JC+G4         1472.823     24  2993.647     2994.910     3110.825
Akaike Information Criterion:           F81+F+I
Corrected Akaike Information Criterion: F81+F+I
Bayesian Information Criterion:         F81+F
Best-fit model: F81+F chosen according to BIC

All model information printed to arvore_Hpylori.model.gz
CPU time for ModelFinder: 23.636 seconds (0h:0m:23s)
Wall-clock time for ModelFinder: 12.485 seconds (0h:0m:12s)
Generating 1000 samples for ultrafast bootstrap (seed: 286545)...

NOTE: 0 MB RAM (0 GB) is required!
WARNING: Number of threads seems too high for short alignments. Use -T AUTO to determine best number of threads.
Estimate model parameters (epsilon = 0.100)
1. Initial log-likelihood: -1461.874
Optimal log-likelihood: -1461.874
Rate parameters:  A-C: 1.00000  A-G: 1.00000  A-T: 1.00000  C-G: 1.00000  C-T: 1.00000  G-T: 1.00000
Base frequencies:  A: 0.282  C: 0.196  G: 0.302  T: 0.220
Parameters optimization took 1 rounds (0.000 sec)
Computing ML distances based on estimated model parameters... 0.000 sec
Computing BIONJ tree...
0.000 seconds
Log-likelihood of BIONJ tree: -1461.884
--------------------------------------------------------------------
|             INITIALIZING CANDIDATE TREE SET                      |
--------------------------------------------------------------------
Generating 98 parsimony trees... 0.020 second
Computing log-likelihood of 98 initial trees ... 0.020 seconds
Current best score: -1461.874

Do NNI search on 20 best initial trees
Estimate model parameters (epsilon = 0.100)
BETTER TREE FOUND at iteration 1: -1461.874
BETTER TREE FOUND at iteration 3: -1461.873
Iteration 10 / LogL: -1461.874 / Time: 0h:0m:0s
Iteration 20 / LogL: -1461.874 / Time: 0h:0m:0s
Finish initializing candidate tree set (20)
Current best tree score: -1461.873 / CPU time: 0.103
Number of iterations: 20
--------------------------------------------------------------------
|               OPTIMIZING CANDIDATE TREE SET                      |
--------------------------------------------------------------------
BETTER TREE FOUND at iteration 22: -1461.873
BETTER TREE FOUND at iteration 25: -1461.873
Iteration 30 / LogL: -1461.873 / Time: 0h:0m:0s (0h:0m:0s left)
BETTER TREE FOUND at iteration 38: -1461.873
Iteration 40 / LogL: -1461.873 / Time: 0h:0m:0s (0h:0m:0s left)
BETTER TREE FOUND at iteration 42: -1461.873
BETTER TREE FOUND at iteration 47: -1461.873
Iteration 50 / LogL: -1461.873 / Time: 0h:0m:0s (0h:0m:0s left)
Log-likelihood cutoff on original alignment: -1477.686
Iteration 60 / LogL: -1461.873 / Time: 0h:0m:0s (0h:0m:0s left)
BETTER TREE FOUND at iteration 68: -1461.873
Iteration 70 / LogL: -1461.876 / Time: 0h:0m:0s (0h:0m:0s left)
BETTER TREE FOUND at iteration 73: -1461.873
Iteration 80 / LogL: -1461.873 / Time: 0h:0m:0s (0h:0m:0s left)
BETTER TREE FOUND at iteration 82: -1461.872
Iteration 90 / LogL: -1461.873 / Time: 0h:0m:0s (0h:0m:0s left)
UPDATE BEST LOG-LIKELIHOOD: -1461.872
Iteration 100 / LogL: -1461.872 / Time: 0h:0m:0s (0h:0m:0s left)
Log-likelihood cutoff on original alignment: -1477.686
NOTE: Bootstrap correlation coefficient of split occurrence frequencies: 0.665
NOTE: UFBoot does not converge, continue at least 100 more iterations
BETTER TREE FOUND at iteration 104: -1461.872
Iteration 110 / LogL: -1461.872 / Time: 0h:0m:0s (0h:0m:0s left)
UPDATE BEST LOG-LIKELIHOOD: -1461.872
UPDATE BEST LOG-LIKELIHOOD: -1461.872
Iteration 120 / LogL: -1461.872 / Time: 0h:0m:0s (0h:0m:0s left)
Iteration 130 / LogL: -1461.873 / Time: 0h:0m:0s (0h:0m:0s left)
Iteration 140 / LogL: -1461.872 / Time: 0h:0m:0s (0h:0m:0s left)
Iteration 150 / LogL: -1461.874 / Time: 0h:0m:0s (0h:0m:0s left)
Log-likelihood cutoff on original alignment: -1477.686
Iteration 160 / LogL: -1461.873 / Time: 0h:0m:0s (0h:0m:0s left)
UPDATE BEST LOG-LIKELIHOOD: -1461.872
UPDATE BEST LOG-LIKELIHOOD: -1461.872
Iteration 170 / LogL: -1461.875 / Time: 0h:0m:1s (0h:0m:0s left)
UPDATE BEST LOG-LIKELIHOOD: -1461.872
Iteration 180 / LogL: -1461.873 / Time: 0h:0m:1s (0h:0m:0s left)
Iteration 190 / LogL: -1461.873 / Time: 0h:0m:1s (0h:0m:0s left)
Iteration 200 / LogL: -1461.874 / Time: 0h:0m:1s (0h:0m:0s left)
Log-likelihood cutoff on original alignment: -1477.686
NOTE: Bootstrap correlation coefficient of split occurrence frequencies: 0.820
NOTE: UFBoot does not converge, continue at least 100 more iterations
Iteration 210 / LogL: -1461.872 / Time: 0h:0m:1s (0h:0m:0s left)
Iteration 220 / LogL: -1461.875 / Time: 0h:0m:1s (0h:0m:0s left)
Iteration 230 / LogL: -1461.872 / Time: 0h:0m:1s (0h:0m:0s left)
Iteration 240 / LogL: -1461.873 / Time: 0h:0m:1s (0h:0m:0s left)
Iteration 250 / LogL: -1461.876 / Time: 0h:0m:1s (0h:0m:0s left)
Log-likelihood cutoff on original alignment: -1477.686
Iteration 260 / LogL: -1461.872 / Time: 0h:0m:1s (0h:0m:0s left)
Iteration 270 / LogL: -1461.873 / Time: 0h:0m:1s (0h:0m:0s left)
Iteration 280 / LogL: -1461.872 / Time: 0h:0m:1s (0h:0m:0s left)
Iteration 290 / LogL: -1461.872 / Time: 0h:0m:1s (0h:0m:0s left)
Iteration 300 / LogL: -1461.874 / Time: 0h:0m:1s (0h:0m:0s left)
Log-likelihood cutoff on original alignment: -1477.686
NOTE: Bootstrap correlation coefficient of split occurrence frequencies: 0.951
NOTE: UFBoot does not converge, continue at least 100 more iterations
Iteration 310 / LogL: -1461.873 / Time: 0h:0m:2s (0h:0m:0s left)
Iteration 320 / LogL: -1461.872 / Time: 0h:0m:2s (0h:0m:0s left)
Iteration 330 / LogL: -1461.873 / Time: 0h:0m:2s (0h:0m:0s left)
Iteration 340 / LogL: -1461.874 / Time: 0h:0m:2s (0h:0m:0s left)
Iteration 350 / LogL: -1461.876 / Time: 0h:0m:2s (0h:0m:0s left)
Log-likelihood cutoff on original alignment: -1477.686
Iteration 360 / LogL: -1461.873 / Time: 0h:0m:2s (0h:0m:0s left)
Iteration 370 / LogL: -1461.872 / Time: 0h:0m:2s (0h:0m:0s left)
Iteration 380 / LogL: -1461.872 / Time: 0h:0m:2s (0h:0m:0s left)
Iteration 390 / LogL: -1461.873 / Time: 0h:0m:2s (0h:0m:0s left)
Iteration 400 / LogL: -1461.873 / Time: 0h:0m:2s (0h:0m:0s left)
Log-likelihood cutoff on original alignment: -1477.688
NOTE: Bootstrap correlation coefficient of split occurrence frequencies: 0.931
NOTE: UFBoot does not converge, continue at least 100 more iterations
Iteration 410 / LogL: -1461.873 / Time: 0h:0m:2s (0h:0m:0s left)
Iteration 420 / LogL: -1461.874 / Time: 0h:0m:2s (0h:0m:0s left)
Iteration 430 / LogL: -1461.872 / Time: 0h:0m:2s (0h:0m:0s left)
Iteration 440 / LogL: -1461.872 / Time: 0h:0m:3s (0h:0m:0s left)
Iteration 450 / LogL: -1461.872 / Time: 0h:0m:3s (0h:0m:0s left)
Log-likelihood cutoff on original alignment: -1478.657
Iteration 460 / LogL: -1461.872 / Time: 0h:0m:3s (0h:0m:0s left)
Iteration 470 / LogL: -1461.872 / Time: 0h:0m:3s (0h:0m:0s left)
Iteration 480 / LogL: -1461.874 / Time: 0h:0m:3s (0h:0m:0s left)
UPDATE BEST LOG-LIKELIHOOD: -1461.872
Iteration 490 / LogL: -1461.874 / Time: 0h:0m:3s (0h:0m:0s left)
Iteration 500 / LogL: -1461.873 / Time: 0h:0m:3s (0h:0m:0s left)
Log-likelihood cutoff on original alignment: -1478.657
NOTE: Bootstrap correlation coefficient of split occurrence frequencies: 0.961
NOTE: UFBoot does not converge, continue at least 100 more iterations
UPDATE BEST LOG-LIKELIHOOD: -1461.872
UPDATE BEST LOG-LIKELIHOOD: -1461.872
Iteration 510 / LogL: -1461.874 / Time: 0h:0m:3s (0h:0m:0s left)
Iteration 520 / LogL: -1461.874 / Time: 0h:0m:3s (0h:0m:0s left)
Iteration 530 / LogL: -1461.872 / Time: 0h:0m:3s (0h:0m:0s left)
Iteration 540 / LogL: -1461.873 / Time: 0h:0m:3s (0h:0m:0s left)
Iteration 550 / LogL: -1461.873 / Time: 0h:0m:3s (0h:0m:0s left)
Log-likelihood cutoff on original alignment: -1479.422
Iteration 560 / LogL: -1461.874 / Time: 0h:0m:4s (0h:0m:0s left)
Iteration 570 / LogL: -1461.873 / Time: 0h:0m:4s (0h:0m:0s left)
Iteration 580 / LogL: -1461.872 / Time: 0h:0m:4s (0h:0m:0s left)
UPDATE BEST LOG-LIKELIHOOD: -1461.872
Iteration 590 / LogL: -1461.872 / Time: 0h:0m:4s (0h:0m:0s left)
Iteration 600 / LogL: -1461.875 / Time: 0h:0m:4s (0h:0m:0s left)
Log-likelihood cutoff on original alignment: -1479.422
NOTE: Bootstrap correlation coefficient of split occurrence frequencies: 0.964
NOTE: UFBoot does not converge, continue at least 100 more iterations
Iteration 610 / LogL: -1461.874 / Time: 0h:0m:4s (0h:0m:0s left)
Iteration 620 / LogL: -1461.873 / Time: 0h:0m:4s (0h:0m:0s left)
Iteration 630 / LogL: -1461.872 / Time: 0h:0m:4s (0h:0m:0s left)
Iteration 640 / LogL: -1461.874 / Time: 0h:0m:4s (0h:0m:0s left)
Iteration 650 / LogL: -1461.873 / Time: 0h:0m:4s (0h:0m:0s left)
Log-likelihood cutoff on original alignment: -1479.422
Iteration 660 / LogL: -1461.873 / Time: 0h:0m:4s (0h:0m:0s left)
Iteration 670 / LogL: -1461.873 / Time: 0h:0m:5s (0h:0m:0s left)
Iteration 680 / LogL: -1461.874 / Time: 0h:0m:5s (0h:0m:0s left)
Iteration 690 / LogL: -1461.875 / Time: 0h:0m:5s (0h:0m:0s left)
Iteration 700 / LogL: -1461.874 / Time: 0h:0m:5s (0h:0m:0s left)
Log-likelihood cutoff on original alignment: -1479.422
NOTE: Bootstrap correlation coefficient of split occurrence frequencies: 0.936
NOTE: UFBoot does not converge, continue at least 100 more iterations
Iteration 710 / LogL: -1461.873 / Time: 0h:0m:5s (0h:0m:0s left)
Iteration 720 / LogL: -1461.873 / Time: 0h:0m:5s (0h:0m:0s left)
Iteration 730 / LogL: -1461.872 / Time: 0h:0m:5s (0h:0m:0s left)
Iteration 740 / LogL: -1461.872 / Time: 0h:0m:5s (0h:0m:0s left)
Iteration 750 / LogL: -1461.874 / Time: 0h:0m:5s (0h:0m:0s left)
Log-likelihood cutoff on original alignment: -1479.422
Iteration 760 / LogL: -1461.874 / Time: 0h:0m:5s (0h:0m:0s left)
Iteration 770 / LogL: -1461.876 / Time: 0h:0m:6s (0h:0m:0s left)
Iteration 780 / LogL: -1461.873 / Time: 0h:0m:6s (0h:0m:0s left)
Iteration 790 / LogL: -1461.873 / Time: 0h:0m:6s (0h:0m:0s left)
Iteration 800 / LogL: -1461.872 / Time: 0h:0m:6s (0h:0m:0s left)
Log-likelihood cutoff on original alignment: -1479.422
NOTE: Bootstrap correlation coefficient of split occurrence frequencies: 0.973
NOTE: UFBoot does not converge, continue at least 100 more iterations
Iteration 810 / LogL: -1461.872 / Time: 0h:0m:6s (0h:0m:0s left)
Iteration 820 / LogL: -1461.873 / Time: 0h:0m:6s (0h:0m:0s left)
Iteration 830 / LogL: -1461.873 / Time: 0h:0m:6s (0h:0m:0s left)
Iteration 840 / LogL: -1461.873 / Time: 0h:0m:6s (0h:0m:0s left)
Iteration 850 / LogL: -1461.872 / Time: 0h:0m:6s (0h:0m:0s left)
Log-likelihood cutoff on original alignment: -1479.422
Iteration 860 / LogL: -1461.872 / Time: 0h:0m:6s (0h:0m:0s left)
Iteration 870 / LogL: -1461.873 / Time: 0h:0m:7s (0h:0m:0s left)
Iteration 880 / LogL: -1461.873 / Time: 0h:0m:7s (0h:0m:0s left)
UPDATE BEST LOG-LIKELIHOOD: -1461.872
Iteration 890 / LogL: -1461.872 / Time: 0h:0m:7s (0h:0m:0s left)
UPDATE BEST LOG-LIKELIHOOD: -1461.872
Iteration 900 / LogL: -1461.873 / Time: 0h:0m:7s (0h:0m:0s left)
Log-likelihood cutoff on original alignment: -1477.688
NOTE: Bootstrap correlation coefficient of split occurrence frequencies: 0.957
NOTE: UFBoot does not converge, continue at least 100 more iterations
Iteration 910 / LogL: -1461.875 / Time: 0h:0m:7s (0h:0m:0s left)
Iteration 920 / LogL: -1461.873 / Time: 0h:0m:7s (0h:0m:0s left)
Iteration 930 / LogL: -1461.873 / Time: 0h:0m:7s (0h:0m:0s left)
UPDATE BEST LOG-LIKELIHOOD: -1461.872
Iteration 940 / LogL: -1461.873 / Time: 0h:0m:7s (0h:0m:0s left)
Iteration 950 / LogL: -1461.872 / Time: 0h:0m:8s (0h:0m:0s left)
Log-likelihood cutoff on original alignment: -1477.688
UPDATE BEST LOG-LIKELIHOOD: -1461.872
Iteration 960 / LogL: -1461.873 / Time: 0h:0m:8s (0h:0m:0s left)
Iteration 970 / LogL: -1461.872 / Time: 0h:0m:8s (0h:0m:0s left)
Iteration 980 / LogL: -1461.873 / Time: 0h:0m:8s (0h:0m:0s left)
Iteration 990 / LogL: -1461.873 / Time: 0h:0m:8s (0h:0m:0s left)
Iteration 1000 / LogL: -1461.874 / Time: 0h:0m:8s (0h:0m:0s left)
Log-likelihood cutoff on original alignment: -1477.688
NOTE: Bootstrap correlation coefficient of split occurrence frequencies: 0.969
NOTE: UFBoot does not converge, continue at least 100 more iterations
WARNING: bootstrap analysis did not converge. You should rerun with higher number of iterations (-nm option)
TREE SEARCH COMPLETED AFTER 1001 ITERATIONS / Time: 0h:0m:8s

--------------------------------------------------------------------
|                    FINALIZING TREE SEARCH                        |
--------------------------------------------------------------------
Performs final model parameters optimization
Estimate model parameters (epsilon = 0.010)
1. Initial log-likelihood: -1461.872
Optimal log-likelihood: -1461.872
Rate parameters:  A-C: 1.00000  A-G: 1.00000  A-T: 1.00000  C-G: 1.00000  C-T: 1.00000  G-T: 1.00000
Base frequencies:  A: 0.282  C: 0.196  G: 0.302  T: 0.220
Parameters optimization took 1 rounds (0.001 sec)
BEST SCORE FOUND : -1461.872
Creating bootstrap support values...
Split supports printed to NEXUS file arvore_Hpylori.splits.nex
Total tree length: 0.040

Total number of iterations: 1001
CPU time used for tree search: 16.571 sec (0h:0m:16s)
Wall-clock time used for tree search: 8.829 sec (0h:0m:8s)
Total CPU time used: 16.649 sec (0h:0m:16s)
Total wall-clock time used: 8.873 sec (0h:0m:8s)

Computing bootstrap consensus tree...
Reading input file arvore_Hpylori.splits.nex...
13 taxa and 180 splits.
Consensus tree written to arvore_Hpylori.contree
Reading input trees file arvore_Hpylori.contree
Log-likelihood of consensus tree: -1461.889

Analysis results written to: 
  IQ-TREE report:                arvore_Hpylori.iqtree
  Maximum-likelihood tree:       arvore_Hpylori.treefile
  Likelihood distances:          arvore_Hpylori.mldist

Ultrafast bootstrap approximation results written to:
  Split support values:          arvore_Hpylori.splits.nex
  Consensus tree:                arvore_Hpylori.contree
  Screen log file:               arvore_Hpylori.log

Date and Time: Tue Mar  3 08:05:02 2026
